2015-05-27 15:24:03,069 - [INFO] - from play in pool-4-thread-2 
Listening for HTTP on /0:0:0:0:0:0:0:0:9000

2015-05-27 15:24:29,398 - [INFO] - from play in play-internal-execution-context-1 
datasource [jdbc:h2:mem:play;DB_CLOSE_DELAY=-1] bound to JNDI as DefaultDS

2015-05-27 15:24:29,587 - [INFO] - from play in play-internal-execution-context-1 
database [default] connected at jdbc:h2:mem:play

2015-05-27 15:24:30,905 - [INFO] - from application in play-internal-execution-context-1 
Data from: data.json

2015-05-27 15:24:30,988 - [INFO] - from play in play-internal-execution-context-1 
Application started (Dev)

2015-05-27 15:24:31,473 - [INFO] - from application in play-akka.actor.default-dispatcher-8 
Go to login page.

2015-05-27 15:24:41,501 - [INFO] - from application in play-akka.actor.default-dispatcher-6 
Go to Registration page.

2015-05-27 15:24:51,135 - [INFO] - from application in play-akka.actor.default-dispatcher-6 
Registration info has been submitted.

2015-05-27 15:24:51,403 - [ERROR] - from play in play-akka.actor.default-dispatcher-6 
Cannot invoke the action, eventually got an error: java.lang.UnsupportedOperationException: Not yet implemented.

2015-05-27 15:24:51,424 - [ERROR] - from application in play-akka.actor.default-dispatcher-6 


! @6m9oc020k - Internal server error, for (POST) [/register] ->

play.api.Application$$anon$1: Execution exception[[UnsupportedOperationException: Not yet implemented.]]
	at play.api.Application$class.handleError(Application.scala:296) ~[play_2.11-2.3.8.jar:2.3.8]
	at play.api.DefaultApplication.handleError(Application.scala:402) [play_2.11-2.3.8.jar:2.3.8]
	at play.core.server.netty.PlayDefaultUpstreamHandler$$anonfun$3$$anonfun$applyOrElse$4.apply(PlayDefaultUpstreamHandler.scala:320) [play_2.11-2.3.8.jar:2.3.8]
	at play.core.server.netty.PlayDefaultUpstreamHandler$$anonfun$3$$anonfun$applyOrElse$4.apply(PlayDefaultUpstreamHandler.scala:320) [play_2.11-2.3.8.jar:2.3.8]
	at scala.Option.map(Option.scala:145) [scala-library-2.11.1.jar:na]
	at play.core.server.netty.PlayDefaultUpstreamHandler$$anonfun$3.applyOrElse(PlayDefaultUpstreamHandler.scala:320) [play_2.11-2.3.8.jar:2.3.8]
	at play.core.server.netty.PlayDefaultUpstreamHandler$$anonfun$3.applyOrElse(PlayDefaultUpstreamHandler.scala:316) [play_2.11-2.3.8.jar:2.3.8]
	at scala.concurrent.Future$$anonfun$recoverWith$1.apply(Future.scala:344) [scala-library-2.11.1.jar:na]
	at scala.concurrent.Future$$anonfun$recoverWith$1.apply(Future.scala:343) [scala-library-2.11.1.jar:na]
	at scala.concurrent.impl.CallbackRunnable.run(Promise.scala:32) [scala-library-2.11.1.jar:na]
	at play.api.libs.iteratee.Execution$trampoline$.execute(Execution.scala:46) [play-iteratees_2.11-2.3.8.jar:2.3.8]
	at scala.concurrent.impl.CallbackRunnable.executeWithValue(Promise.scala:40) [scala-library-2.11.1.jar:na]
	at scala.concurrent.impl.Promise$DefaultPromise.tryComplete(Promise.scala:248) [scala-library-2.11.1.jar:na]
	at scala.concurrent.Promise$class.complete(Promise.scala:55) [scala-library-2.11.1.jar:na]
	at scala.concurrent.impl.Promise$DefaultPromise.complete(Promise.scala:153) [scala-library-2.11.1.jar:na]
	at scala.concurrent.impl.Future$PromiseCompletingRunnable.run(Future.scala:23) [scala-library-2.11.1.jar:na]
	at akka.dispatch.TaskInvocation.run(AbstractDispatcher.scala:41) [akka-actor_2.11-2.3.4.jar:na]
	at akka.dispatch.ForkJoinExecutorConfigurator$AkkaForkJoinTask.exec(AbstractDispatcher.scala:393) [akka-actor_2.11-2.3.4.jar:na]
	at scala.concurrent.forkjoin.ForkJoinTask.doExec(ForkJoinTask.java:260) [scala-library-2.11.1.jar:na]
	at scala.concurrent.forkjoin.ForkJoinPool$WorkQueue.runTask(ForkJoinPool.java:1339) [scala-library-2.11.1.jar:na]
	at scala.concurrent.forkjoin.ForkJoinPool.runWorker(ForkJoinPool.java:1979) [scala-library-2.11.1.jar:na]
	at scala.concurrent.forkjoin.ForkJoinWorkerThread.run(ForkJoinWorkerThread.java:107) [scala-library-2.11.1.jar:na]
Caused by: java.lang.UnsupportedOperationException: Not yet implemented.
	at models.JeopardyDAO.persist(JeopardyDAO.java:61) ~[classes/:na]
	at controllers.Registration.create(Registration.java:33) ~[classes/:na]
	at Routes$$anonfun$routes$1$$anonfun$applyOrElse$6$$anonfun$apply$6.apply(routes_routing.scala:183) ~[classes/:na]
	at Routes$$anonfun$routes$1$$anonfun$applyOrElse$6$$anonfun$apply$6.apply(routes_routing.scala:183) ~[classes/:na]
	at play.core.Router$HandlerInvokerFactory$$anon$4.resultCall(Router.scala:264) ~[play_2.11-2.3.8.jar:2.3.8]
	at play.core.Router$HandlerInvokerFactory$JavaActionInvokerFactory$$anon$15$$anon$1.invocation(Router.scala:255) ~[play_2.11-2.3.8.jar:2.3.8]
	at play.core.j.JavaAction$$anon$1.call(JavaAction.scala:55) ~[play_2.11-2.3.8.jar:2.3.8]
	at play.GlobalSettings$1.call(GlobalSettings.java:67) ~[play_2.11-2.3.8.jar:2.3.8]
	at play.db.jpa.TransactionalAction$1.apply(TransactionalAction.java:23) ~[play-java-jpa_2.11-2.3.8.jar:2.3.8]
	at play.db.jpa.TransactionalAction$1.apply(TransactionalAction.java:21) ~[play-java-jpa_2.11-2.3.8.jar:2.3.8]
	at play.db.jpa.JPA.withTransactionAsync(JPA.java:180) ~[play-java-jpa_2.11-2.3.8.jar:2.3.8]
	at play.db.jpa.TransactionalAction.call(TransactionalAction.java:18) ~[play-java-jpa_2.11-2.3.8.jar:2.3.8]
	at play.core.j.JavaAction$$anonfun$11.apply(JavaAction.scala:82) ~[play_2.11-2.3.8.jar:2.3.8]
	at play.core.j.JavaAction$$anonfun$11.apply(JavaAction.scala:82) ~[play_2.11-2.3.8.jar:2.3.8]
	at scala.concurrent.impl.Future$PromiseCompletingRunnable.liftedTree1$1(Future.scala:24) [scala-library-2.11.1.jar:na]
	at scala.concurrent.impl.Future$PromiseCompletingRunnable.run(Future.scala:24) [scala-library-2.11.1.jar:na]
	at play.core.j.HttpExecutionContext$$anon$2.run(HttpExecutionContext.scala:40) ~[play_2.11-2.3.8.jar:2.3.8]
	at play.api.libs.iteratee.Execution$trampoline$.execute(Execution.scala:46) [play-iteratees_2.11-2.3.8.jar:2.3.8]
	at play.core.j.HttpExecutionContext.execute(HttpExecutionContext.scala:32) ~[play_2.11-2.3.8.jar:2.3.8]
	at scala.concurrent.impl.Future$.apply(Future.scala:31) ~[scala-library-2.11.1.jar:na]
	at scala.concurrent.Future$.apply(Future.scala:492) ~[scala-library-2.11.1.jar:na]
	at play.core.j.JavaAction$class.apply(JavaAction.scala:82) ~[play_2.11-2.3.8.jar:2.3.8]
	at play.core.Router$HandlerInvokerFactory$JavaActionInvokerFactory$$anon$15$$anon$1.apply(Router.scala:252) ~[play_2.11-2.3.8.jar:2.3.8]
	at play.api.mvc.Action$$anonfun$apply$1$$anonfun$apply$4$$anonfun$apply$5.apply(Action.scala:130) ~[play_2.11-2.3.8.jar:2.3.8]
	at play.api.mvc.Action$$anonfun$apply$1$$anonfun$apply$4$$anonfun$apply$5.apply(Action.scala:130) ~[play_2.11-2.3.8.jar:2.3.8]
	at play.utils.Threads$.withContextClassLoader(Threads.scala:21) ~[play_2.11-2.3.8.jar:2.3.8]
	at play.api.mvc.Action$$anonfun$apply$1$$anonfun$apply$4.apply(Action.scala:129) ~[play_2.11-2.3.8.jar:2.3.8]
	at play.api.mvc.Action$$anonfun$apply$1$$anonfun$apply$4.apply(Action.scala:128) ~[play_2.11-2.3.8.jar:2.3.8]
	at scala.Option.map(Option.scala:145) [scala-library-2.11.1.jar:na]
	at play.api.mvc.Action$$anonfun$apply$1.apply(Action.scala:128) ~[play_2.11-2.3.8.jar:2.3.8]
	at play.api.mvc.Action$$anonfun$apply$1.apply(Action.scala:121) ~[play_2.11-2.3.8.jar:2.3.8]
	at play.api.libs.iteratee.Iteratee$$anonfun$mapM$1.apply(Iteratee.scala:483) ~[play-iteratees_2.11-2.3.8.jar:2.3.8]
	at play.api.libs.iteratee.Iteratee$$anonfun$mapM$1.apply(Iteratee.scala:483) ~[play-iteratees_2.11-2.3.8.jar:2.3.8]
	at play.api.libs.iteratee.Iteratee$$anonfun$flatMapM$1.apply(Iteratee.scala:519) ~[play-iteratees_2.11-2.3.8.jar:2.3.8]
	at play.api.libs.iteratee.Iteratee$$anonfun$flatMapM$1.apply(Iteratee.scala:519) ~[play-iteratees_2.11-2.3.8.jar:2.3.8]
	at play.api.libs.iteratee.Iteratee$$anonfun$flatMap$1$$anonfun$apply$14.apply(Iteratee.scala:496) ~[play-iteratees_2.11-2.3.8.jar:2.3.8]
	at play.api.libs.iteratee.Iteratee$$anonfun$flatMap$1$$anonfun$apply$14.apply(Iteratee.scala:496) ~[play-iteratees_2.11-2.3.8.jar:2.3.8]
	at scala.concurrent.impl.Future$PromiseCompletingRunnable.liftedTree1$1(Future.scala:24) [scala-library-2.11.1.jar:na]
	at scala.concurrent.impl.Future$PromiseCompletingRunnable.run(Future.scala:24) [scala-library-2.11.1.jar:na]
	... 6 common frames omitted

2015-05-27 15:32:43,786 - [INFO] - from application in play-internal-execution-context-1 
Application shutdown...

2015-05-27 15:32:43,931 - [INFO] - from play in play-internal-execution-context-1 
datasource [jdbc:h2:mem:play;DB_CLOSE_DELAY=-1] bound to JNDI as DefaultDS

2015-05-27 15:32:43,938 - [INFO] - from play in play-internal-execution-context-1 
database [default] connected at jdbc:h2:mem:play

2015-05-27 15:32:44,083 - [INFO] - from application in play-internal-execution-context-1 
Data from: data.json

2015-05-27 15:32:44,119 - [INFO] - from play in play-internal-execution-context-1 
Application started (Dev)

2015-05-27 15:32:44,155 - [INFO] - from application in play-akka.actor.default-dispatcher-4 
Go to login page.

2015-05-27 15:32:46,643 - [INFO] - from application in play-akka.actor.default-dispatcher-13 
Go to Registration page.

2015-05-27 15:32:59,310 - [INFO] - from application in play-akka.actor.default-dispatcher-4 
Registration info has been submitted.

2015-05-27 15:32:59,352 - [ERROR] - from play in play-akka.actor.default-dispatcher-4 
Cannot invoke the action, eventually got an error: java.lang.UnsupportedOperationException: Not yet implemented.

2015-05-27 15:32:59,363 - [ERROR] - from application in play-akka.actor.default-dispatcher-4 


! @6m9od1lll - Internal server error, for (POST) [/register] ->

play.api.Application$$anon$1: Execution exception[[UnsupportedOperationException: Not yet implemented.]]
	at play.api.Application$class.handleError(Application.scala:296) ~[play_2.11-2.3.8.jar:2.3.8]
	at play.api.DefaultApplication.handleError(Application.scala:402) [play_2.11-2.3.8.jar:2.3.8]
	at play.core.server.netty.PlayDefaultUpstreamHandler$$anonfun$3$$anonfun$applyOrElse$4.apply(PlayDefaultUpstreamHandler.scala:320) [play_2.11-2.3.8.jar:2.3.8]
	at play.core.server.netty.PlayDefaultUpstreamHandler$$anonfun$3$$anonfun$applyOrElse$4.apply(PlayDefaultUpstreamHandler.scala:320) [play_2.11-2.3.8.jar:2.3.8]
	at scala.Option.map(Option.scala:145) [scala-library-2.11.1.jar:na]
	at play.core.server.netty.PlayDefaultUpstreamHandler$$anonfun$3.applyOrElse(PlayDefaultUpstreamHandler.scala:320) [play_2.11-2.3.8.jar:2.3.8]
	at play.core.server.netty.PlayDefaultUpstreamHandler$$anonfun$3.applyOrElse(PlayDefaultUpstreamHandler.scala:316) [play_2.11-2.3.8.jar:2.3.8]
	at scala.concurrent.Future$$anonfun$recoverWith$1.apply(Future.scala:344) [scala-library-2.11.1.jar:na]
	at scala.concurrent.Future$$anonfun$recoverWith$1.apply(Future.scala:343) [scala-library-2.11.1.jar:na]
	at scala.concurrent.impl.CallbackRunnable.run(Promise.scala:32) [scala-library-2.11.1.jar:na]
	at play.api.libs.iteratee.Execution$trampoline$.execute(Execution.scala:46) [play-iteratees_2.11-2.3.8.jar:2.3.8]
	at scala.concurrent.impl.CallbackRunnable.executeWithValue(Promise.scala:40) [scala-library-2.11.1.jar:na]
	at scala.concurrent.impl.Promise$DefaultPromise.tryComplete(Promise.scala:248) [scala-library-2.11.1.jar:na]
	at scala.concurrent.Promise$class.complete(Promise.scala:55) [scala-library-2.11.1.jar:na]
	at scala.concurrent.impl.Promise$DefaultPromise.complete(Promise.scala:153) [scala-library-2.11.1.jar:na]
	at scala.concurrent.impl.Future$PromiseCompletingRunnable.run(Future.scala:23) [scala-library-2.11.1.jar:na]
	at akka.dispatch.TaskInvocation.run(AbstractDispatcher.scala:41) [akka-actor_2.11-2.3.4.jar:na]
	at akka.dispatch.ForkJoinExecutorConfigurator$AkkaForkJoinTask.exec(AbstractDispatcher.scala:393) [akka-actor_2.11-2.3.4.jar:na]
	at scala.concurrent.forkjoin.ForkJoinTask.doExec(ForkJoinTask.java:260) [scala-library-2.11.1.jar:na]
	at scala.concurrent.forkjoin.ForkJoinPool$WorkQueue.runTask(ForkJoinPool.java:1339) [scala-library-2.11.1.jar:na]
	at scala.concurrent.forkjoin.ForkJoinPool.runWorker(ForkJoinPool.java:1979) [scala-library-2.11.1.jar:na]
	at scala.concurrent.forkjoin.ForkJoinWorkerThread.run(ForkJoinWorkerThread.java:107) [scala-library-2.11.1.jar:na]
Caused by: java.lang.UnsupportedOperationException: Not yet implemented.
	at models.JeopardyDAO.persist(JeopardyDAO.java:62) ~[classes/:na]
	at controllers.Registration.create(Registration.java:33) ~[classes/:na]
	at Routes$$anonfun$routes$1$$anonfun$applyOrElse$6$$anonfun$apply$6.apply(routes_routing.scala:183) ~[classes/:na]
	at Routes$$anonfun$routes$1$$anonfun$applyOrElse$6$$anonfun$apply$6.apply(routes_routing.scala:183) ~[classes/:na]
	at play.core.Router$HandlerInvokerFactory$$anon$4.resultCall(Router.scala:264) ~[play_2.11-2.3.8.jar:2.3.8]
	at play.core.Router$HandlerInvokerFactory$JavaActionInvokerFactory$$anon$15$$anon$1.invocation(Router.scala:255) ~[play_2.11-2.3.8.jar:2.3.8]
	at play.core.j.JavaAction$$anon$1.call(JavaAction.scala:55) ~[play_2.11-2.3.8.jar:2.3.8]
	at play.GlobalSettings$1.call(GlobalSettings.java:67) ~[play_2.11-2.3.8.jar:2.3.8]
	at play.db.jpa.TransactionalAction$1.apply(TransactionalAction.java:23) ~[play-java-jpa_2.11-2.3.8.jar:2.3.8]
	at play.db.jpa.TransactionalAction$1.apply(TransactionalAction.java:21) ~[play-java-jpa_2.11-2.3.8.jar:2.3.8]
	at play.db.jpa.JPA.withTransactionAsync(JPA.java:180) ~[play-java-jpa_2.11-2.3.8.jar:2.3.8]
	at play.db.jpa.TransactionalAction.call(TransactionalAction.java:18) ~[play-java-jpa_2.11-2.3.8.jar:2.3.8]
	at play.core.j.JavaAction$$anonfun$11.apply(JavaAction.scala:82) ~[play_2.11-2.3.8.jar:2.3.8]
	at play.core.j.JavaAction$$anonfun$11.apply(JavaAction.scala:82) ~[play_2.11-2.3.8.jar:2.3.8]
	at scala.concurrent.impl.Future$PromiseCompletingRunnable.liftedTree1$1(Future.scala:24) [scala-library-2.11.1.jar:na]
	at scala.concurrent.impl.Future$PromiseCompletingRunnable.run(Future.scala:24) [scala-library-2.11.1.jar:na]
	at play.core.j.HttpExecutionContext$$anon$2.run(HttpExecutionContext.scala:40) ~[play_2.11-2.3.8.jar:2.3.8]
	at play.api.libs.iteratee.Execution$trampoline$.execute(Execution.scala:46) [play-iteratees_2.11-2.3.8.jar:2.3.8]
	at play.core.j.HttpExecutionContext.execute(HttpExecutionContext.scala:32) ~[play_2.11-2.3.8.jar:2.3.8]
	at scala.concurrent.impl.Future$.apply(Future.scala:31) ~[scala-library-2.11.1.jar:na]
	at scala.concurrent.Future$.apply(Future.scala:492) ~[scala-library-2.11.1.jar:na]
	at play.core.j.JavaAction$class.apply(JavaAction.scala:82) ~[play_2.11-2.3.8.jar:2.3.8]
	at play.core.Router$HandlerInvokerFactory$JavaActionInvokerFactory$$anon$15$$anon$1.apply(Router.scala:252) ~[play_2.11-2.3.8.jar:2.3.8]
	at play.api.mvc.Action$$anonfun$apply$1$$anonfun$apply$4$$anonfun$apply$5.apply(Action.scala:130) ~[play_2.11-2.3.8.jar:2.3.8]
	at play.api.mvc.Action$$anonfun$apply$1$$anonfun$apply$4$$anonfun$apply$5.apply(Action.scala:130) ~[play_2.11-2.3.8.jar:2.3.8]
	at play.utils.Threads$.withContextClassLoader(Threads.scala:21) ~[play_2.11-2.3.8.jar:2.3.8]
	at play.api.mvc.Action$$anonfun$apply$1$$anonfun$apply$4.apply(Action.scala:129) ~[play_2.11-2.3.8.jar:2.3.8]
	at play.api.mvc.Action$$anonfun$apply$1$$anonfun$apply$4.apply(Action.scala:128) ~[play_2.11-2.3.8.jar:2.3.8]
	at scala.Option.map(Option.scala:145) [scala-library-2.11.1.jar:na]
	at play.api.mvc.Action$$anonfun$apply$1.apply(Action.scala:128) ~[play_2.11-2.3.8.jar:2.3.8]
	at play.api.mvc.Action$$anonfun$apply$1.apply(Action.scala:121) ~[play_2.11-2.3.8.jar:2.3.8]
	at play.api.libs.iteratee.Iteratee$$anonfun$mapM$1.apply(Iteratee.scala:483) ~[play-iteratees_2.11-2.3.8.jar:2.3.8]
	at play.api.libs.iteratee.Iteratee$$anonfun$mapM$1.apply(Iteratee.scala:483) ~[play-iteratees_2.11-2.3.8.jar:2.3.8]
	at play.api.libs.iteratee.Iteratee$$anonfun$flatMapM$1.apply(Iteratee.scala:519) ~[play-iteratees_2.11-2.3.8.jar:2.3.8]
	at play.api.libs.iteratee.Iteratee$$anonfun$flatMapM$1.apply(Iteratee.scala:519) ~[play-iteratees_2.11-2.3.8.jar:2.3.8]
	at play.api.libs.iteratee.Iteratee$$anonfun$flatMap$1$$anonfun$apply$14.apply(Iteratee.scala:496) ~[play-iteratees_2.11-2.3.8.jar:2.3.8]
	at play.api.libs.iteratee.Iteratee$$anonfun$flatMap$1$$anonfun$apply$14.apply(Iteratee.scala:496) ~[play-iteratees_2.11-2.3.8.jar:2.3.8]
	at scala.concurrent.impl.Future$PromiseCompletingRunnable.liftedTree1$1(Future.scala:24) [scala-library-2.11.1.jar:na]
	at scala.concurrent.impl.Future$PromiseCompletingRunnable.run(Future.scala:24) [scala-library-2.11.1.jar:na]
	... 6 common frames omitted

2015-05-27 15:33:47,596 - [INFO] - from application in play-internal-execution-context-1 
Application shutdown...

2015-05-27 15:33:47,669 - [INFO] - from play in play-internal-execution-context-1 
datasource [jdbc:h2:mem:play;DB_CLOSE_DELAY=-1] bound to JNDI as DefaultDS

2015-05-27 15:33:47,673 - [INFO] - from play in play-internal-execution-context-1 
database [default] connected at jdbc:h2:mem:play

2015-05-27 15:33:47,802 - [INFO] - from application in play-internal-execution-context-1 
Data from: data.json

2015-05-27 15:33:47,821 - [INFO] - from play in play-internal-execution-context-1 
Application started (Dev)

2015-05-27 15:33:47,842 - [INFO] - from application in play-akka.actor.default-dispatcher-15 
Go to login page.

2015-05-27 15:33:49,774 - [INFO] - from application in play-akka.actor.default-dispatcher-21 
Go to Registration page.

2015-05-27 15:34:06,970 - [INFO] - from application in play-akka.actor.default-dispatcher-20 
Registration info has been submitted.

2015-05-27 15:34:07,010 - [INFO] - from application in play-akka.actor.default-dispatcher-19 
Go to login page.

2015-05-27 15:34:18,415 - [INFO] - from application in play-akka.actor.default-dispatcher-20 
Login information has been provided.

2015-05-27 15:34:18,482 - [INFO] - from application in play-akka.actor.default-dispatcher-23 
[patrick] Play the game.

2015-05-27 15:34:18,488 - [INFO] - from application in play-akka.actor.default-dispatcher-23 
[patrick] Creating a new game.

2015-05-27 15:34:18,505 - [ERROR] - from play in play-akka.actor.default-dispatcher-23 
Cannot invoke the action, eventually got an error: java.lang.UnsupportedOperationException: Not yet implemented.

2015-05-27 15:34:18,507 - [ERROR] - from application in play-akka.actor.default-dispatcher-23 


! @6m9od68nl - Internal server error, for (GET) [/jeopardy] ->

play.api.Application$$anon$1: Execution exception[[UnsupportedOperationException: Not yet implemented.]]
	at play.api.Application$class.handleError(Application.scala:296) ~[play_2.11-2.3.8.jar:2.3.8]
	at play.api.DefaultApplication.handleError(Application.scala:402) [play_2.11-2.3.8.jar:2.3.8]
	at play.core.server.netty.PlayDefaultUpstreamHandler$$anonfun$3$$anonfun$applyOrElse$4.apply(PlayDefaultUpstreamHandler.scala:320) [play_2.11-2.3.8.jar:2.3.8]
	at play.core.server.netty.PlayDefaultUpstreamHandler$$anonfun$3$$anonfun$applyOrElse$4.apply(PlayDefaultUpstreamHandler.scala:320) [play_2.11-2.3.8.jar:2.3.8]
	at scala.Option.map(Option.scala:145) [scala-library-2.11.1.jar:na]
	at play.core.server.netty.PlayDefaultUpstreamHandler$$anonfun$3.applyOrElse(PlayDefaultUpstreamHandler.scala:320) [play_2.11-2.3.8.jar:2.3.8]
	at play.core.server.netty.PlayDefaultUpstreamHandler$$anonfun$3.applyOrElse(PlayDefaultUpstreamHandler.scala:316) [play_2.11-2.3.8.jar:2.3.8]
	at scala.concurrent.Future$$anonfun$recoverWith$1.apply(Future.scala:344) [scala-library-2.11.1.jar:na]
	at scala.concurrent.Future$$anonfun$recoverWith$1.apply(Future.scala:343) [scala-library-2.11.1.jar:na]
	at scala.concurrent.impl.CallbackRunnable.run(Promise.scala:32) [scala-library-2.11.1.jar:na]
	at play.api.libs.iteratee.Execution$trampoline$.execute(Execution.scala:46) [play-iteratees_2.11-2.3.8.jar:2.3.8]
	at scala.concurrent.impl.CallbackRunnable.executeWithValue(Promise.scala:40) [scala-library-2.11.1.jar:na]
	at scala.concurrent.impl.Promise$DefaultPromise.tryComplete(Promise.scala:248) [scala-library-2.11.1.jar:na]
	at scala.concurrent.Promise$class.complete(Promise.scala:55) [scala-library-2.11.1.jar:na]
	at scala.concurrent.impl.Promise$DefaultPromise.complete(Promise.scala:153) [scala-library-2.11.1.jar:na]
	at scala.concurrent.impl.Future$PromiseCompletingRunnable.run(Future.scala:23) [scala-library-2.11.1.jar:na]
	at akka.dispatch.TaskInvocation.run(AbstractDispatcher.scala:41) [akka-actor_2.11-2.3.4.jar:na]
	at akka.dispatch.ForkJoinExecutorConfigurator$AkkaForkJoinTask.exec(AbstractDispatcher.scala:393) [akka-actor_2.11-2.3.4.jar:na]
	at scala.concurrent.forkjoin.ForkJoinTask.doExec(ForkJoinTask.java:260) [scala-library-2.11.1.jar:na]
	at scala.concurrent.forkjoin.ForkJoinPool$WorkQueue.runTask(ForkJoinPool.java:1339) [scala-library-2.11.1.jar:na]
	at scala.concurrent.forkjoin.ForkJoinPool.runWorker(ForkJoinPool.java:1979) [scala-library-2.11.1.jar:na]
	at scala.concurrent.forkjoin.ForkJoinWorkerThread.run(ForkJoinWorkerThread.java:107) [scala-library-2.11.1.jar:na]
Caused by: java.lang.UnsupportedOperationException: Not yet implemented.
	at models.JeopardyDAO.findEntities(JeopardyDAO.java:103) ~[classes/:na]
	at controllers.GameController.createNewGame(GameController.java:47) ~[classes/:na]
	at controllers.GameController.createNewGame(GameController.java:38) ~[classes/:na]
	at controllers.GameController.cachedGame(GameController.java:68) ~[classes/:na]
	at controllers.GameController.playGame(GameController.java:94) ~[classes/:na]
	at Routes$$anonfun$routes$1$$anonfun$applyOrElse$7$$anonfun$apply$7.apply(routes_routing.scala:191) ~[classes/:na]
	at Routes$$anonfun$routes$1$$anonfun$applyOrElse$7$$anonfun$apply$7.apply(routes_routing.scala:191) ~[classes/:na]
	at play.core.Router$HandlerInvokerFactory$$anon$4.resultCall(Router.scala:264) ~[play_2.11-2.3.8.jar:2.3.8]
	at play.core.Router$HandlerInvokerFactory$JavaActionInvokerFactory$$anon$15$$anon$1.invocation(Router.scala:255) ~[play_2.11-2.3.8.jar:2.3.8]
	at play.core.j.JavaAction$$anon$1.call(JavaAction.scala:55) ~[play_2.11-2.3.8.jar:2.3.8]
	at play.GlobalSettings$1.call(GlobalSettings.java:67) ~[play_2.11-2.3.8.jar:2.3.8]
	at play.mvc.Security$AuthenticatedAction.call(Security.java:44) ~[play_2.11-2.3.8.jar:2.3.8]
	at play.db.jpa.TransactionalAction$1.apply(TransactionalAction.java:23) ~[play-java-jpa_2.11-2.3.8.jar:2.3.8]
	at play.db.jpa.TransactionalAction$1.apply(TransactionalAction.java:21) ~[play-java-jpa_2.11-2.3.8.jar:2.3.8]
	at play.db.jpa.JPA.withTransactionAsync(JPA.java:180) ~[play-java-jpa_2.11-2.3.8.jar:2.3.8]
	at play.db.jpa.TransactionalAction.call(TransactionalAction.java:18) ~[play-java-jpa_2.11-2.3.8.jar:2.3.8]
	at play.core.j.JavaAction$$anonfun$11.apply(JavaAction.scala:82) ~[play_2.11-2.3.8.jar:2.3.8]
	at play.core.j.JavaAction$$anonfun$11.apply(JavaAction.scala:82) ~[play_2.11-2.3.8.jar:2.3.8]
	at scala.concurrent.impl.Future$PromiseCompletingRunnable.liftedTree1$1(Future.scala:24) [scala-library-2.11.1.jar:na]
	at scala.concurrent.impl.Future$PromiseCompletingRunnable.run(Future.scala:24) [scala-library-2.11.1.jar:na]
	at play.core.j.HttpExecutionContext$$anon$2.run(HttpExecutionContext.scala:40) ~[play_2.11-2.3.8.jar:2.3.8]
	at play.api.libs.iteratee.Execution$trampoline$.execute(Execution.scala:46) [play-iteratees_2.11-2.3.8.jar:2.3.8]
	at play.core.j.HttpExecutionContext.execute(HttpExecutionContext.scala:32) ~[play_2.11-2.3.8.jar:2.3.8]
	at scala.concurrent.impl.Future$.apply(Future.scala:31) ~[scala-library-2.11.1.jar:na]
	at scala.concurrent.Future$.apply(Future.scala:492) ~[scala-library-2.11.1.jar:na]
	at play.core.j.JavaAction$class.apply(JavaAction.scala:82) ~[play_2.11-2.3.8.jar:2.3.8]
	at play.core.Router$HandlerInvokerFactory$JavaActionInvokerFactory$$anon$15$$anon$1.apply(Router.scala:252) ~[play_2.11-2.3.8.jar:2.3.8]
	at play.api.mvc.Action$$anonfun$apply$1$$anonfun$apply$4$$anonfun$apply$5.apply(Action.scala:130) ~[play_2.11-2.3.8.jar:2.3.8]
	at play.api.mvc.Action$$anonfun$apply$1$$anonfun$apply$4$$anonfun$apply$5.apply(Action.scala:130) ~[play_2.11-2.3.8.jar:2.3.8]
	at play.utils.Threads$.withContextClassLoader(Threads.scala:21) ~[play_2.11-2.3.8.jar:2.3.8]
	at play.api.mvc.Action$$anonfun$apply$1$$anonfun$apply$4.apply(Action.scala:129) ~[play_2.11-2.3.8.jar:2.3.8]
	at play.api.mvc.Action$$anonfun$apply$1$$anonfun$apply$4.apply(Action.scala:128) ~[play_2.11-2.3.8.jar:2.3.8]
	at scala.Option.map(Option.scala:145) [scala-library-2.11.1.jar:na]
	at play.api.mvc.Action$$anonfun$apply$1.apply(Action.scala:128) ~[play_2.11-2.3.8.jar:2.3.8]
	at play.api.mvc.Action$$anonfun$apply$1.apply(Action.scala:121) ~[play_2.11-2.3.8.jar:2.3.8]
	at play.api.libs.iteratee.Iteratee$$anonfun$mapM$1.apply(Iteratee.scala:483) ~[play-iteratees_2.11-2.3.8.jar:2.3.8]
	at play.api.libs.iteratee.Iteratee$$anonfun$mapM$1.apply(Iteratee.scala:483) ~[play-iteratees_2.11-2.3.8.jar:2.3.8]
	at play.api.libs.iteratee.Iteratee$$anonfun$flatMapM$1.apply(Iteratee.scala:519) ~[play-iteratees_2.11-2.3.8.jar:2.3.8]
	at play.api.libs.iteratee.Iteratee$$anonfun$flatMapM$1.apply(Iteratee.scala:519) ~[play-iteratees_2.11-2.3.8.jar:2.3.8]
	at play.api.libs.iteratee.Iteratee$$anonfun$flatMap$1$$anonfun$apply$14.apply(Iteratee.scala:496) ~[play-iteratees_2.11-2.3.8.jar:2.3.8]
	at play.api.libs.iteratee.Iteratee$$anonfun$flatMap$1$$anonfun$apply$14.apply(Iteratee.scala:496) ~[play-iteratees_2.11-2.3.8.jar:2.3.8]
	at scala.concurrent.impl.Future$PromiseCompletingRunnable.liftedTree1$1(Future.scala:24) [scala-library-2.11.1.jar:na]
	at scala.concurrent.impl.Future$PromiseCompletingRunnable.run(Future.scala:24) [scala-library-2.11.1.jar:na]
	... 6 common frames omitted

2015-05-27 15:41:17,853 - [INFO] - from application in play-internal-execution-context-1 
Application shutdown...

2015-05-27 15:41:17,915 - [INFO] - from play in play-internal-execution-context-1 
datasource [jdbc:h2:mem:play;DB_CLOSE_DELAY=-1] bound to JNDI as DefaultDS

2015-05-27 15:41:17,918 - [INFO] - from play in play-internal-execution-context-1 
database [default] connected at jdbc:h2:mem:play

2015-05-27 15:41:18,045 - [INFO] - from application in play-internal-execution-context-1 
Data from: data.json

2015-05-27 15:41:18,064 - [INFO] - from play in play-internal-execution-context-1 
Application started (Dev)

2015-05-27 15:41:18,098 - [INFO] - from application in play-akka.actor.default-dispatcher-24 
[patrick] Play the game.

2015-05-27 15:41:18,137 - [INFO] - from application in play-akka.actor.default-dispatcher-16 
Go to login page.

2015-05-27 15:41:20,129 - [INFO] - from application in play-akka.actor.default-dispatcher-27 
Go to Registration page.

2015-05-27 15:41:34,473 - [INFO] - from application in play-akka.actor.default-dispatcher-16 
Registration info has been submitted.

2015-05-27 15:41:34,510 - [INFO] - from application in play-akka.actor.default-dispatcher-24 
Go to login page.

2015-05-27 15:41:44,837 - [INFO] - from application in play-akka.actor.default-dispatcher-27 
Login information has been provided.

2015-05-27 15:41:44,858 - [INFO] - from application in play-akka.actor.default-dispatcher-27 
[patrick] Play the game.

2015-05-27 15:41:44,860 - [INFO] - from application in play-akka.actor.default-dispatcher-27 
[patrick] Creating a new game.

2015-05-27 15:41:44,861 - [ERROR] - from play in play-akka.actor.default-dispatcher-27 
Cannot invoke the action, eventually got an error: java.lang.UnsupportedOperationException: Not yet implemented.

2015-05-27 15:41:44,862 - [ERROR] - from application in play-akka.actor.default-dispatcher-27 


! @6m9oe5j58 - Internal server error, for (GET) [/jeopardy] ->

play.api.Application$$anon$1: Execution exception[[UnsupportedOperationException: Not yet implemented.]]
	at play.api.Application$class.handleError(Application.scala:296) ~[play_2.11-2.3.8.jar:2.3.8]
	at play.api.DefaultApplication.handleError(Application.scala:402) [play_2.11-2.3.8.jar:2.3.8]
	at play.core.server.netty.PlayDefaultUpstreamHandler$$anonfun$3$$anonfun$applyOrElse$4.apply(PlayDefaultUpstreamHandler.scala:320) [play_2.11-2.3.8.jar:2.3.8]
	at play.core.server.netty.PlayDefaultUpstreamHandler$$anonfun$3$$anonfun$applyOrElse$4.apply(PlayDefaultUpstreamHandler.scala:320) [play_2.11-2.3.8.jar:2.3.8]
	at scala.Option.map(Option.scala:145) [scala-library-2.11.1.jar:na]
	at play.core.server.netty.PlayDefaultUpstreamHandler$$anonfun$3.applyOrElse(PlayDefaultUpstreamHandler.scala:320) [play_2.11-2.3.8.jar:2.3.8]
	at play.core.server.netty.PlayDefaultUpstreamHandler$$anonfun$3.applyOrElse(PlayDefaultUpstreamHandler.scala:316) [play_2.11-2.3.8.jar:2.3.8]
	at scala.concurrent.Future$$anonfun$recoverWith$1.apply(Future.scala:344) [scala-library-2.11.1.jar:na]
	at scala.concurrent.Future$$anonfun$recoverWith$1.apply(Future.scala:343) [scala-library-2.11.1.jar:na]
	at scala.concurrent.impl.CallbackRunnable.run(Promise.scala:32) [scala-library-2.11.1.jar:na]
	at play.api.libs.iteratee.Execution$trampoline$.execute(Execution.scala:46) [play-iteratees_2.11-2.3.8.jar:2.3.8]
	at scala.concurrent.impl.CallbackRunnable.executeWithValue(Promise.scala:40) [scala-library-2.11.1.jar:na]
	at scala.concurrent.impl.Promise$DefaultPromise.tryComplete(Promise.scala:248) [scala-library-2.11.1.jar:na]
	at scala.concurrent.Promise$class.complete(Promise.scala:55) [scala-library-2.11.1.jar:na]
	at scala.concurrent.impl.Promise$DefaultPromise.complete(Promise.scala:153) [scala-library-2.11.1.jar:na]
	at scala.concurrent.impl.Future$PromiseCompletingRunnable.run(Future.scala:23) [scala-library-2.11.1.jar:na]
	at akka.dispatch.TaskInvocation.run(AbstractDispatcher.scala:41) [akka-actor_2.11-2.3.4.jar:na]
	at akka.dispatch.ForkJoinExecutorConfigurator$AkkaForkJoinTask.exec(AbstractDispatcher.scala:393) [akka-actor_2.11-2.3.4.jar:na]
	at scala.concurrent.forkjoin.ForkJoinTask.doExec(ForkJoinTask.java:260) [scala-library-2.11.1.jar:na]
	at scala.concurrent.forkjoin.ForkJoinPool$WorkQueue.runTask(ForkJoinPool.java:1339) [scala-library-2.11.1.jar:na]
	at scala.concurrent.forkjoin.ForkJoinPool.runWorker(ForkJoinPool.java:1979) [scala-library-2.11.1.jar:na]
	at scala.concurrent.forkjoin.ForkJoinWorkerThread.run(ForkJoinWorkerThread.java:107) [scala-library-2.11.1.jar:na]
Caused by: java.lang.UnsupportedOperationException: Not yet implemented.
	at models.JeopardyDAO.findEntities(JeopardyDAO.java:107) ~[classes/:na]
	at controllers.GameController.createNewGame(GameController.java:47) ~[classes/:na]
	at controllers.GameController.createNewGame(GameController.java:38) ~[classes/:na]
	at controllers.GameController.cachedGame(GameController.java:68) ~[classes/:na]
	at controllers.GameController.playGame(GameController.java:94) ~[classes/:na]
	at Routes$$anonfun$routes$1$$anonfun$applyOrElse$7$$anonfun$apply$7.apply(routes_routing.scala:191) ~[classes/:na]
	at Routes$$anonfun$routes$1$$anonfun$applyOrElse$7$$anonfun$apply$7.apply(routes_routing.scala:191) ~[classes/:na]
	at play.core.Router$HandlerInvokerFactory$$anon$4.resultCall(Router.scala:264) ~[play_2.11-2.3.8.jar:2.3.8]
	at play.core.Router$HandlerInvokerFactory$JavaActionInvokerFactory$$anon$15$$anon$1.invocation(Router.scala:255) ~[play_2.11-2.3.8.jar:2.3.8]
	at play.core.j.JavaAction$$anon$1.call(JavaAction.scala:55) ~[play_2.11-2.3.8.jar:2.3.8]
	at play.GlobalSettings$1.call(GlobalSettings.java:67) ~[play_2.11-2.3.8.jar:2.3.8]
	at play.mvc.Security$AuthenticatedAction.call(Security.java:44) ~[play_2.11-2.3.8.jar:2.3.8]
	at play.db.jpa.TransactionalAction$1.apply(TransactionalAction.java:23) ~[play-java-jpa_2.11-2.3.8.jar:2.3.8]
	at play.db.jpa.TransactionalAction$1.apply(TransactionalAction.java:21) ~[play-java-jpa_2.11-2.3.8.jar:2.3.8]
	at play.db.jpa.JPA.withTransactionAsync(JPA.java:180) ~[play-java-jpa_2.11-2.3.8.jar:2.3.8]
	at play.db.jpa.TransactionalAction.call(TransactionalAction.java:18) ~[play-java-jpa_2.11-2.3.8.jar:2.3.8]
	at play.core.j.JavaAction$$anonfun$11.apply(JavaAction.scala:82) ~[play_2.11-2.3.8.jar:2.3.8]
	at play.core.j.JavaAction$$anonfun$11.apply(JavaAction.scala:82) ~[play_2.11-2.3.8.jar:2.3.8]
	at scala.concurrent.impl.Future$PromiseCompletingRunnable.liftedTree1$1(Future.scala:24) [scala-library-2.11.1.jar:na]
	at scala.concurrent.impl.Future$PromiseCompletingRunnable.run(Future.scala:24) [scala-library-2.11.1.jar:na]
	at play.core.j.HttpExecutionContext$$anon$2.run(HttpExecutionContext.scala:40) ~[play_2.11-2.3.8.jar:2.3.8]
	at play.api.libs.iteratee.Execution$trampoline$.execute(Execution.scala:46) [play-iteratees_2.11-2.3.8.jar:2.3.8]
	at play.core.j.HttpExecutionContext.execute(HttpExecutionContext.scala:32) ~[play_2.11-2.3.8.jar:2.3.8]
	at scala.concurrent.impl.Future$.apply(Future.scala:31) ~[scala-library-2.11.1.jar:na]
	at scala.concurrent.Future$.apply(Future.scala:492) ~[scala-library-2.11.1.jar:na]
	at play.core.j.JavaAction$class.apply(JavaAction.scala:82) ~[play_2.11-2.3.8.jar:2.3.8]
	at play.core.Router$HandlerInvokerFactory$JavaActionInvokerFactory$$anon$15$$anon$1.apply(Router.scala:252) ~[play_2.11-2.3.8.jar:2.3.8]
	at play.api.mvc.Action$$anonfun$apply$1$$anonfun$apply$4$$anonfun$apply$5.apply(Action.scala:130) ~[play_2.11-2.3.8.jar:2.3.8]
	at play.api.mvc.Action$$anonfun$apply$1$$anonfun$apply$4$$anonfun$apply$5.apply(Action.scala:130) ~[play_2.11-2.3.8.jar:2.3.8]
	at play.utils.Threads$.withContextClassLoader(Threads.scala:21) ~[play_2.11-2.3.8.jar:2.3.8]
	at play.api.mvc.Action$$anonfun$apply$1$$anonfun$apply$4.apply(Action.scala:129) ~[play_2.11-2.3.8.jar:2.3.8]
	at play.api.mvc.Action$$anonfun$apply$1$$anonfun$apply$4.apply(Action.scala:128) ~[play_2.11-2.3.8.jar:2.3.8]
	at scala.Option.map(Option.scala:145) [scala-library-2.11.1.jar:na]
	at play.api.mvc.Action$$anonfun$apply$1.apply(Action.scala:128) ~[play_2.11-2.3.8.jar:2.3.8]
	at play.api.mvc.Action$$anonfun$apply$1.apply(Action.scala:121) ~[play_2.11-2.3.8.jar:2.3.8]
	at play.api.libs.iteratee.Iteratee$$anonfun$mapM$1.apply(Iteratee.scala:483) ~[play-iteratees_2.11-2.3.8.jar:2.3.8]
	at play.api.libs.iteratee.Iteratee$$anonfun$mapM$1.apply(Iteratee.scala:483) ~[play-iteratees_2.11-2.3.8.jar:2.3.8]
	at play.api.libs.iteratee.Iteratee$$anonfun$flatMapM$1.apply(Iteratee.scala:519) ~[play-iteratees_2.11-2.3.8.jar:2.3.8]
	at play.api.libs.iteratee.Iteratee$$anonfun$flatMapM$1.apply(Iteratee.scala:519) ~[play-iteratees_2.11-2.3.8.jar:2.3.8]
	at play.api.libs.iteratee.Iteratee$$anonfun$flatMap$1$$anonfun$apply$14.apply(Iteratee.scala:496) ~[play-iteratees_2.11-2.3.8.jar:2.3.8]
	at play.api.libs.iteratee.Iteratee$$anonfun$flatMap$1$$anonfun$apply$14.apply(Iteratee.scala:496) ~[play-iteratees_2.11-2.3.8.jar:2.3.8]
	at scala.concurrent.impl.Future$PromiseCompletingRunnable.liftedTree1$1(Future.scala:24) [scala-library-2.11.1.jar:na]
	at scala.concurrent.impl.Future$PromiseCompletingRunnable.run(Future.scala:24) [scala-library-2.11.1.jar:na]
	... 6 common frames omitted

2015-05-27 15:44:33,040 - [ERROR] - from application in New I/O worker #5 


! @6m9oef7pf - Internal server error, for (GET) [/] ->

play.PlayExceptions$CompilationException: Compilation error[error: ';' expected]
	at play.PlayExceptions$CompilationException$.apply(PlayExceptions.scala:27) ~[na:na]
	at play.PlayExceptions$CompilationException$.apply(PlayExceptions.scala:27) ~[na:na]
	at scala.Option.map(Option.scala:145) ~[scala-library-2.11.1.jar:na]
	at play.PlayReload$$anonfun$taskFailureHandler$1.apply(PlayReload.scala:49) ~[na:na]
	at play.PlayReload$$anonfun$taskFailureHandler$1.apply(PlayReload.scala:44) ~[na:na]
	at scala.Option.map(Option.scala:145) ~[scala-library-2.11.1.jar:na]
	at play.PlayReload$.taskFailureHandler(PlayReload.scala:44) ~[na:na]
	at play.PlayReload$.compileFailure(PlayReload.scala:40) ~[na:na]
	at play.PlayReload$$anonfun$compile$1.apply(PlayReload.scala:17) ~[na:na]
	at play.PlayReload$$anonfun$compile$1.apply(PlayReload.scala:17) ~[na:na]
	at scala.util.Either$LeftProjection.map(Either.scala:377) ~[scala-library-2.11.1.jar:na]
	at play.PlayReload$.compile(PlayReload.scala:17) ~[na:na]
	at play.PlayRun$$anonfun$playRunTask$1$$anonfun$apply$2$$anonfun$apply$3$$anonfun$2.apply(PlayRun.scala:61) ~[na:na]
	at play.PlayRun$$anonfun$playRunTask$1$$anonfun$apply$2$$anonfun$apply$3$$anonfun$2.apply(PlayRun.scala:61) ~[na:na]
	at play.runsupport.Reloader.reload(Reloader.scala:295) ~[na:na]
	at play.core.ReloadableApplication$$anonfun$get$1.apply(ApplicationProvider.scala:122) ~[play_2.11-2.3.8.jar:2.3.8]
	at play.core.ReloadableApplication$$anonfun$get$1.apply(ApplicationProvider.scala:120) ~[play_2.11-2.3.8.jar:2.3.8]
	at scala.concurrent.impl.Future$PromiseCompletingRunnable.liftedTree1$1(Future.scala:24) ~[scala-library-2.11.1.jar:na]
	at scala.concurrent.impl.Future$PromiseCompletingRunnable.run(Future.scala:24) ~[scala-library-2.11.1.jar:na]
	at scala.concurrent.forkjoin.ForkJoinTask$AdaptedRunnableAction.exec(ForkJoinTask.java:1361) ~[scala-library-2.11.1.jar:na]
	at scala.concurrent.forkjoin.ForkJoinTask.doExec(ForkJoinTask.java:260) ~[scala-library-2.11.1.jar:na]
	at scala.concurrent.forkjoin.ForkJoinPool$WorkQueue.runTask(ForkJoinPool.java:1339) ~[scala-library-2.11.1.jar:na]
	at scala.concurrent.forkjoin.ForkJoinPool.runWorker(ForkJoinPool.java:1979) ~[scala-library-2.11.1.jar:na]
	at scala.concurrent.forkjoin.ForkJoinWorkerThread.run(ForkJoinWorkerThread.java:107) ~[scala-library-2.11.1.jar:na]

2015-05-27 15:44:44,439 - [INFO] - from application in play-internal-execution-context-1 
Application shutdown...

2015-05-27 15:44:44,496 - [INFO] - from play in play-internal-execution-context-1 
datasource [jdbc:h2:mem:play;DB_CLOSE_DELAY=-1] bound to JNDI as DefaultDS

2015-05-27 15:44:44,498 - [INFO] - from play in play-internal-execution-context-1 
database [default] connected at jdbc:h2:mem:play

2015-05-27 15:44:44,598 - [INFO] - from application in play-internal-execution-context-1 
Data from: data.json

2015-05-27 15:44:44,612 - [INFO] - from play in play-internal-execution-context-1 
Application started (Dev)

2015-05-27 15:44:44,637 - [INFO] - from application in play-akka.actor.default-dispatcher-25 
[patrick] Play the game.

2015-05-27 15:44:44,656 - [INFO] - from application in play-akka.actor.default-dispatcher-30 
Go to login page.

2015-05-27 15:44:46,545 - [INFO] - from application in play-akka.actor.default-dispatcher-36 
Go to Registration page.

2015-05-27 15:45:03,307 - [INFO] - from application in play-akka.actor.default-dispatcher-35 
Registration info has been submitted.

2015-05-27 15:45:03,322 - [INFO] - from application in play-akka.actor.default-dispatcher-35 
Go to login page.

2015-05-27 15:45:09,827 - [INFO] - from application in play-akka.actor.default-dispatcher-33 
Login information has been provided.

2015-05-27 15:45:09,846 - [INFO] - from application in play-akka.actor.default-dispatcher-37 
[patrick] Play the game.

2015-05-27 15:45:09,848 - [INFO] - from application in play-akka.actor.default-dispatcher-37 
[patrick] Creating a new game.

2015-05-27 15:45:09,855 - [INFO] - from application in play-akka.actor.default-dispatcher-37 
Start game with 0 categories.

2015-05-27 15:45:16,354 - [INFO] - from application in play-akka.actor.default-dispatcher-37 
[patrick] Questions selected.

2015-05-27 15:45:17,634 - [INFO] - from application in play-akka.actor.default-dispatcher-37 
[patrick] Questions selected.

2015-05-27 15:45:19,756 - [INFO] - from application in play-akka.actor.default-dispatcher-40 
Logout.

2015-05-27 15:45:19,763 - [INFO] - from application in play-akka.actor.default-dispatcher-39 
Go to login page.

2015-05-27 15:45:21,750 - [INFO] - from application in play-akka.actor.default-dispatcher-37 
Login information has been provided.

2015-05-27 15:45:21,787 - [INFO] - from application in play-akka.actor.default-dispatcher-30 
[patrick] Play the game.

2015-05-27 15:45:21,788 - [INFO] - from application in play-akka.actor.default-dispatcher-30 
[patrick] Creating a new game.

2015-05-27 15:45:21,788 - [INFO] - from application in play-akka.actor.default-dispatcher-30 
Start game with 0 categories.

2015-05-27 15:45:24,315 - [INFO] - from application in play-akka.actor.default-dispatcher-32 
Logout.

2015-05-27 15:45:24,321 - [INFO] - from application in play-akka.actor.default-dispatcher-25 
Go to login page.

2015-05-27 15:45:28,355 - [INFO] - from application in play-akka.actor.default-dispatcher-32 
Login information has been provided.

2015-05-27 15:47:52,032 - [INFO] - from application in play-akka.actor.default-dispatcher-41 
Go to login page.

2015-05-27 15:47:54,201 - [INFO] - from application in play-akka.actor.default-dispatcher-44 
Login information has been provided.

2015-05-27 15:47:54,227 - [INFO] - from application in play-akka.actor.default-dispatcher-44 
[patrick] Play the game.

2015-05-27 15:47:54,228 - [INFO] - from application in play-akka.actor.default-dispatcher-44 
[patrick] Creating a new game.

2015-05-27 15:47:54,229 - [INFO] - from application in play-akka.actor.default-dispatcher-44 
Start game with 0 categories.

2015-05-27 15:58:10,980 - [INFO] - from application in play-internal-execution-context-1 
Application shutdown...

2015-05-27 15:58:11,053 - [INFO] - from play in play-internal-execution-context-1 
datasource [jdbc:h2:mem:play;DB_CLOSE_DELAY=-1] bound to JNDI as DefaultDS

2015-05-27 15:58:11,061 - [INFO] - from play in play-internal-execution-context-1 
database [default] connected at jdbc:h2:mem:play

2015-05-27 15:58:11,171 - [INFO] - from application in play-internal-execution-context-1 
Data from: data.json

2015-05-27 15:58:11,183 - [INFO] - from play in play-internal-execution-context-1 
Application started (Dev)

2015-05-27 15:58:11,201 - [INFO] - from application in play-akka.actor.default-dispatcher-41 
[patrick] Play the game.

2015-05-27 15:58:11,218 - [INFO] - from application in play-akka.actor.default-dispatcher-45 
Go to login page.

2015-05-27 15:58:14,678 - [INFO] - from application in play-akka.actor.default-dispatcher-47 
Go to Registration page.

2015-05-27 15:58:28,262 - [INFO] - from application in play-akka.actor.default-dispatcher-47 
Registration info has been submitted.

2015-05-27 15:58:28,276 - [INFO] - from application in play-akka.actor.default-dispatcher-46 
Go to login page.

2015-05-27 15:58:30,123 - [INFO] - from application in play-akka.actor.default-dispatcher-46 
Login information has been provided.

2015-05-27 15:58:30,151 - [INFO] - from application in play-akka.actor.default-dispatcher-46 
[patrick] Play the game.

2015-05-27 15:58:30,153 - [INFO] - from application in play-akka.actor.default-dispatcher-46 
[patrick] Creating a new game.

2015-05-27 15:58:30,153 - [INFO] - from application in play-akka.actor.default-dispatcher-46 
Start game with 0 categories.

2015-05-27 16:29:12,024 - [INFO] - from application in play-akka.actor.default-dispatcher-47 
Go to login page.

2015-05-27 16:29:14,891 - [INFO] - from application in play-akka.actor.default-dispatcher-52 
Login information has been provided.

2015-05-27 16:29:14,919 - [INFO] - from application in play-akka.actor.default-dispatcher-51 
[patrick] Play the game.

2015-05-27 16:29:14,922 - [INFO] - from application in play-akka.actor.default-dispatcher-51 
[patrick] Creating a new game.

2015-05-27 16:29:14,941 - [INFO] - from application in play-akka.actor.default-dispatcher-51 
Start game with 0 categories.

2015-05-27 16:39:04,053 - [INFO] - from application in play-internal-execution-context-1 
Application shutdown...

2015-05-27 16:39:04,097 - [INFO] - from play in play-internal-execution-context-1 
datasource [jdbc:h2:mem:play;DB_CLOSE_DELAY=-1] bound to JNDI as DefaultDS

2015-05-27 16:39:04,100 - [INFO] - from play in play-internal-execution-context-1 
database [default] connected at jdbc:h2:mem:play

2015-05-27 16:39:04,134 - [ERROR] - from application in New I/O worker #2 


! @6m9oljamp - Internal server error, for (GET) [/] ->

play.api.UnexpectedException: Unexpected exception[PersistenceException: [PersistenceUnit: defaultPersistenceUnit] Unable to build Hibernate SessionFactory]
	at play.core.ReloadableApplication$$anonfun$get$1$$anonfun$apply$1$$anonfun$1.apply(ApplicationProvider.scala:166) ~[play_2.11-2.3.8.jar:2.3.8]
	at play.core.ReloadableApplication$$anonfun$get$1$$anonfun$apply$1$$anonfun$1.apply(ApplicationProvider.scala:130) ~[play_2.11-2.3.8.jar:2.3.8]
	at scala.Option.map(Option.scala:145) ~[scala-library-2.11.1.jar:na]
	at play.core.ReloadableApplication$$anonfun$get$1$$anonfun$apply$1.apply(ApplicationProvider.scala:130) ~[play_2.11-2.3.8.jar:2.3.8]
	at play.core.ReloadableApplication$$anonfun$get$1$$anonfun$apply$1.apply(ApplicationProvider.scala:128) ~[play_2.11-2.3.8.jar:2.3.8]
	at scala.util.Success.flatMap(Try.scala:230) ~[scala-library-2.11.1.jar:na]
	at play.core.ReloadableApplication$$anonfun$get$1.apply(ApplicationProvider.scala:128) ~[play_2.11-2.3.8.jar:2.3.8]
	at play.core.ReloadableApplication$$anonfun$get$1.apply(ApplicationProvider.scala:120) ~[play_2.11-2.3.8.jar:2.3.8]
	at scala.concurrent.impl.Future$PromiseCompletingRunnable.liftedTree1$1(Future.scala:24) ~[scala-library-2.11.1.jar:na]
	at scala.concurrent.impl.Future$PromiseCompletingRunnable.run(Future.scala:24) ~[scala-library-2.11.1.jar:na]
	at scala.concurrent.forkjoin.ForkJoinTask$AdaptedRunnableAction.exec(ForkJoinTask.java:1361) ~[scala-library-2.11.1.jar:na]
	at scala.concurrent.forkjoin.ForkJoinTask.doExec(ForkJoinTask.java:260) ~[scala-library-2.11.1.jar:na]
	at scala.concurrent.forkjoin.ForkJoinPool$WorkQueue.runTask(ForkJoinPool.java:1339) ~[scala-library-2.11.1.jar:na]
	at scala.concurrent.forkjoin.ForkJoinPool.runWorker(ForkJoinPool.java:1979) ~[scala-library-2.11.1.jar:na]
	at scala.concurrent.forkjoin.ForkJoinWorkerThread.run(ForkJoinWorkerThread.java:107) ~[scala-library-2.11.1.jar:na]
Caused by: javax.persistence.PersistenceException: [PersistenceUnit: defaultPersistenceUnit] Unable to build Hibernate SessionFactory
	at org.hibernate.jpa.boot.internal.EntityManagerFactoryBuilderImpl.persistenceException(EntityManagerFactoryBuilderImpl.java:1249) ~[hibernate-entitymanager-4.3.9.Final.jar:4.3.9.Final]
	at org.hibernate.jpa.boot.internal.EntityManagerFactoryBuilderImpl.access$600(EntityManagerFactoryBuilderImpl.java:120) ~[hibernate-entitymanager-4.3.9.Final.jar:4.3.9.Final]
	at org.hibernate.jpa.boot.internal.EntityManagerFactoryBuilderImpl$4.perform(EntityManagerFactoryBuilderImpl.java:860) ~[hibernate-entitymanager-4.3.9.Final.jar:4.3.9.Final]
	at org.hibernate.jpa.boot.internal.EntityManagerFactoryBuilderImpl$4.perform(EntityManagerFactoryBuilderImpl.java:850) ~[hibernate-entitymanager-4.3.9.Final.jar:4.3.9.Final]
	at org.hibernate.boot.registry.classloading.internal.ClassLoaderServiceImpl.withTccl(ClassLoaderServiceImpl.java:425) ~[hibernate-core-4.3.9.Final.jar:4.3.9.Final]
	at org.hibernate.jpa.boot.internal.EntityManagerFactoryBuilderImpl.build(EntityManagerFactoryBuilderImpl.java:849) ~[hibernate-entitymanager-4.3.9.Final.jar:4.3.9.Final]
	at org.hibernate.jpa.HibernatePersistenceProvider.createEntityManagerFactory(HibernatePersistenceProvider.java:75) ~[hibernate-entitymanager-4.3.9.Final.jar:4.3.9.Final]
	at org.hibernate.ejb.HibernatePersistence.createEntityManagerFactory(HibernatePersistence.java:54) ~[hibernate-entitymanager-4.3.9.Final.jar:4.3.9.Final]
	at javax.persistence.Persistence.createEntityManagerFactory(Persistence.java:63) ~[hibernate-jpa-2.0-api-1.0.1.Final.jar:1.0.1.Final]
	at javax.persistence.Persistence.createEntityManagerFactory(Persistence.java:47) ~[hibernate-jpa-2.0-api-1.0.1.Final.jar:1.0.1.Final]
	at play.db.jpa.JPAPlugin.onStart(JPAPlugin.java:38) ~[play-java-jpa_2.11-2.3.8.jar:2.3.8]
	at play.api.Play$$anonfun$start$1$$anonfun$apply$mcV$sp$1.apply(Play.scala:91) ~[play_2.11-2.3.8.jar:2.3.8]
	at play.api.Play$$anonfun$start$1$$anonfun$apply$mcV$sp$1.apply(Play.scala:91) ~[play_2.11-2.3.8.jar:2.3.8]
	at scala.collection.immutable.List.foreach(List.scala:383) ~[scala-library-2.11.1.jar:na]
	at play.api.Play$$anonfun$start$1.apply$mcV$sp(Play.scala:91) ~[play_2.11-2.3.8.jar:2.3.8]
	at play.api.Play$$anonfun$start$1.apply(Play.scala:91) ~[play_2.11-2.3.8.jar:2.3.8]
	at play.api.Play$$anonfun$start$1.apply(Play.scala:91) ~[play_2.11-2.3.8.jar:2.3.8]
	at play.utils.Threads$.withContextClassLoader(Threads.scala:21) ~[play_2.11-2.3.8.jar:2.3.8]
	at play.api.Play$.start(Play.scala:90) ~[play_2.11-2.3.8.jar:2.3.8]
	at play.core.ReloadableApplication$$anonfun$get$1$$anonfun$apply$1$$anonfun$1.apply(ApplicationProvider.scala:157) ~[play_2.11-2.3.8.jar:2.3.8]
	... 14 common frames omitted
Caused by: org.hibernate.AnnotationException: No identifier specified for entity: models.Answer
	at org.hibernate.cfg.InheritanceState.determineDefaultAccessType(InheritanceState.java:277) ~[hibernate-core-4.3.9.Final.jar:4.3.9.Final]
	at org.hibernate.cfg.InheritanceState.getElementsToProcess(InheritanceState.java:224) ~[hibernate-core-4.3.9.Final.jar:4.3.9.Final]
	at org.hibernate.cfg.AnnotationBinder.bindClass(AnnotationBinder.java:775) ~[hibernate-core-4.3.9.Final.jar:4.3.9.Final]
	at org.hibernate.cfg.Configuration$MetadataSourceQueue.processAnnotatedClassesQueue(Configuration.java:3845) ~[hibernate-core-4.3.9.Final.jar:4.3.9.Final]
	at org.hibernate.cfg.Configuration$MetadataSourceQueue.processMetadata(Configuration.java:3799) ~[hibernate-core-4.3.9.Final.jar:4.3.9.Final]
	at org.hibernate.cfg.Configuration.secondPassCompile(Configuration.java:1412) ~[hibernate-core-4.3.9.Final.jar:4.3.9.Final]
	at org.hibernate.cfg.Configuration.buildSessionFactory(Configuration.java:1846) ~[hibernate-core-4.3.9.Final.jar:4.3.9.Final]
	at org.hibernate.jpa.boot.internal.EntityManagerFactoryBuilderImpl$4.perform(EntityManagerFactoryBuilderImpl.java:857) ~[hibernate-entitymanager-4.3.9.Final.jar:4.3.9.Final]
	... 31 common frames omitted

2015-05-27 16:39:04,134 - [ERROR] - from application in New I/O worker #3 


! @6m9oljamp - Internal server error, for (GET) [/] ->

play.api.UnexpectedException: Unexpected exception[PersistenceException: [PersistenceUnit: defaultPersistenceUnit] Unable to build Hibernate SessionFactory]
	at play.core.ReloadableApplication$$anonfun$get$1$$anonfun$apply$1$$anonfun$1.apply(ApplicationProvider.scala:166) ~[play_2.11-2.3.8.jar:2.3.8]
	at play.core.ReloadableApplication$$anonfun$get$1$$anonfun$apply$1$$anonfun$1.apply(ApplicationProvider.scala:130) ~[play_2.11-2.3.8.jar:2.3.8]
	at scala.Option.map(Option.scala:145) ~[scala-library-2.11.1.jar:na]
	at play.core.ReloadableApplication$$anonfun$get$1$$anonfun$apply$1.apply(ApplicationProvider.scala:130) ~[play_2.11-2.3.8.jar:2.3.8]
	at play.core.ReloadableApplication$$anonfun$get$1$$anonfun$apply$1.apply(ApplicationProvider.scala:128) ~[play_2.11-2.3.8.jar:2.3.8]
	at scala.util.Success.flatMap(Try.scala:230) ~[scala-library-2.11.1.jar:na]
	at play.core.ReloadableApplication$$anonfun$get$1.apply(ApplicationProvider.scala:128) ~[play_2.11-2.3.8.jar:2.3.8]
	at play.core.ReloadableApplication$$anonfun$get$1.apply(ApplicationProvider.scala:120) ~[play_2.11-2.3.8.jar:2.3.8]
	at scala.concurrent.impl.Future$PromiseCompletingRunnable.liftedTree1$1(Future.scala:24) ~[scala-library-2.11.1.jar:na]
	at scala.concurrent.impl.Future$PromiseCompletingRunnable.run(Future.scala:24) ~[scala-library-2.11.1.jar:na]
	at scala.concurrent.forkjoin.ForkJoinTask$AdaptedRunnableAction.exec(ForkJoinTask.java:1361) ~[scala-library-2.11.1.jar:na]
	at scala.concurrent.forkjoin.ForkJoinTask.doExec(ForkJoinTask.java:260) ~[scala-library-2.11.1.jar:na]
	at scala.concurrent.forkjoin.ForkJoinPool$WorkQueue.runTask(ForkJoinPool.java:1339) ~[scala-library-2.11.1.jar:na]
	at scala.concurrent.forkjoin.ForkJoinPool.runWorker(ForkJoinPool.java:1979) ~[scala-library-2.11.1.jar:na]
	at scala.concurrent.forkjoin.ForkJoinWorkerThread.run(ForkJoinWorkerThread.java:107) ~[scala-library-2.11.1.jar:na]
Caused by: javax.persistence.PersistenceException: [PersistenceUnit: defaultPersistenceUnit] Unable to build Hibernate SessionFactory
	at org.hibernate.jpa.boot.internal.EntityManagerFactoryBuilderImpl.persistenceException(EntityManagerFactoryBuilderImpl.java:1249) ~[hibernate-entitymanager-4.3.9.Final.jar:4.3.9.Final]
	at org.hibernate.jpa.boot.internal.EntityManagerFactoryBuilderImpl.access$600(EntityManagerFactoryBuilderImpl.java:120) ~[hibernate-entitymanager-4.3.9.Final.jar:4.3.9.Final]
	at org.hibernate.jpa.boot.internal.EntityManagerFactoryBuilderImpl$4.perform(EntityManagerFactoryBuilderImpl.java:860) ~[hibernate-entitymanager-4.3.9.Final.jar:4.3.9.Final]
	at org.hibernate.jpa.boot.internal.EntityManagerFactoryBuilderImpl$4.perform(EntityManagerFactoryBuilderImpl.java:850) ~[hibernate-entitymanager-4.3.9.Final.jar:4.3.9.Final]
	at org.hibernate.boot.registry.classloading.internal.ClassLoaderServiceImpl.withTccl(ClassLoaderServiceImpl.java:425) ~[hibernate-core-4.3.9.Final.jar:4.3.9.Final]
	at org.hibernate.jpa.boot.internal.EntityManagerFactoryBuilderImpl.build(EntityManagerFactoryBuilderImpl.java:849) ~[hibernate-entitymanager-4.3.9.Final.jar:4.3.9.Final]
	at org.hibernate.jpa.HibernatePersistenceProvider.createEntityManagerFactory(HibernatePersistenceProvider.java:75) ~[hibernate-entitymanager-4.3.9.Final.jar:4.3.9.Final]
	at org.hibernate.ejb.HibernatePersistence.createEntityManagerFactory(HibernatePersistence.java:54) ~[hibernate-entitymanager-4.3.9.Final.jar:4.3.9.Final]
	at javax.persistence.Persistence.createEntityManagerFactory(Persistence.java:63) ~[hibernate-jpa-2.0-api-1.0.1.Final.jar:1.0.1.Final]
	at javax.persistence.Persistence.createEntityManagerFactory(Persistence.java:47) ~[hibernate-jpa-2.0-api-1.0.1.Final.jar:1.0.1.Final]
	at play.db.jpa.JPAPlugin.onStart(JPAPlugin.java:38) ~[play-java-jpa_2.11-2.3.8.jar:2.3.8]
	at play.api.Play$$anonfun$start$1$$anonfun$apply$mcV$sp$1.apply(Play.scala:91) ~[play_2.11-2.3.8.jar:2.3.8]
	at play.api.Play$$anonfun$start$1$$anonfun$apply$mcV$sp$1.apply(Play.scala:91) ~[play_2.11-2.3.8.jar:2.3.8]
	at scala.collection.immutable.List.foreach(List.scala:383) ~[scala-library-2.11.1.jar:na]
	at play.api.Play$$anonfun$start$1.apply$mcV$sp(Play.scala:91) ~[play_2.11-2.3.8.jar:2.3.8]
	at play.api.Play$$anonfun$start$1.apply(Play.scala:91) ~[play_2.11-2.3.8.jar:2.3.8]
	at play.api.Play$$anonfun$start$1.apply(Play.scala:91) ~[play_2.11-2.3.8.jar:2.3.8]
	at play.utils.Threads$.withContextClassLoader(Threads.scala:21) ~[play_2.11-2.3.8.jar:2.3.8]
	at play.api.Play$.start(Play.scala:90) ~[play_2.11-2.3.8.jar:2.3.8]
	at play.core.ReloadableApplication$$anonfun$get$1$$anonfun$apply$1$$anonfun$1.apply(ApplicationProvider.scala:157) ~[play_2.11-2.3.8.jar:2.3.8]
	... 14 common frames omitted
Caused by: org.hibernate.AnnotationException: No identifier specified for entity: models.Answer
	at org.hibernate.cfg.InheritanceState.determineDefaultAccessType(InheritanceState.java:277) ~[hibernate-core-4.3.9.Final.jar:4.3.9.Final]
	at org.hibernate.cfg.InheritanceState.getElementsToProcess(InheritanceState.java:224) ~[hibernate-core-4.3.9.Final.jar:4.3.9.Final]
	at org.hibernate.cfg.AnnotationBinder.bindClass(AnnotationBinder.java:775) ~[hibernate-core-4.3.9.Final.jar:4.3.9.Final]
	at org.hibernate.cfg.Configuration$MetadataSourceQueue.processAnnotatedClassesQueue(Configuration.java:3845) ~[hibernate-core-4.3.9.Final.jar:4.3.9.Final]
	at org.hibernate.cfg.Configuration$MetadataSourceQueue.processMetadata(Configuration.java:3799) ~[hibernate-core-4.3.9.Final.jar:4.3.9.Final]
	at org.hibernate.cfg.Configuration.secondPassCompile(Configuration.java:1412) ~[hibernate-core-4.3.9.Final.jar:4.3.9.Final]
	at org.hibernate.cfg.Configuration.buildSessionFactory(Configuration.java:1846) ~[hibernate-core-4.3.9.Final.jar:4.3.9.Final]
	at org.hibernate.jpa.boot.internal.EntityManagerFactoryBuilderImpl$4.perform(EntityManagerFactoryBuilderImpl.java:857) ~[hibernate-entitymanager-4.3.9.Final.jar:4.3.9.Final]
	... 31 common frames omitted

2015-05-27 16:42:20,969 - [INFO] - from application in play-internal-execution-context-1 
Application shutdown...

2015-05-27 16:42:20,970 - [WARN] - from play in play-internal-execution-context-1 
Error stopping plugin
java.lang.NullPointerException: null
	at play.libs.ws.ning.NingWSPlugin.onStop(NingWSPlugin.java:31) ~[play-java-ws_2.11-2.3.8.jar:2.3.8]
	at play.api.Play$$anonfun$stop$1$$anonfun$apply$1$$anonfun$apply$mcV$sp$2.apply(Play.scala:108) [play_2.11-2.3.8.jar:2.3.8]
	at play.api.Play$$anonfun$stop$1$$anonfun$apply$1$$anonfun$apply$mcV$sp$2.apply(Play.scala:107) [play_2.11-2.3.8.jar:2.3.8]
	at scala.collection.immutable.List.foreach(List.scala:383) [scala-library-2.11.1.jar:na]
	at play.api.Play$$anonfun$stop$1$$anonfun$apply$1.apply$mcV$sp(Play.scala:107) [play_2.11-2.3.8.jar:2.3.8]
	at play.api.Play$$anonfun$stop$1$$anonfun$apply$1.apply(Play.scala:107) [play_2.11-2.3.8.jar:2.3.8]
	at play.api.Play$$anonfun$stop$1$$anonfun$apply$1.apply(Play.scala:107) [play_2.11-2.3.8.jar:2.3.8]
	at play.utils.Threads$.withContextClassLoader(Threads.scala:21) [play_2.11-2.3.8.jar:2.3.8]
	at play.api.Play$$anonfun$stop$1.apply(Play.scala:106) [play_2.11-2.3.8.jar:2.3.8]
	at play.api.Play$$anonfun$stop$1.apply(Play.scala:105) [play_2.11-2.3.8.jar:2.3.8]
	at scala.Option.map(Option.scala:145) [scala-library-2.11.1.jar:na]
	at play.api.Play$.stop(Play.scala:105) [play_2.11-2.3.8.jar:2.3.8]
	at play.core.ReloadableApplication$$anonfun$get$1$$anonfun$apply$1$$anonfun$1.apply(ApplicationProvider.scala:142) [play_2.11-2.3.8.jar:2.3.8]
	at play.core.ReloadableApplication$$anonfun$get$1$$anonfun$apply$1$$anonfun$1.apply(ApplicationProvider.scala:130) [play_2.11-2.3.8.jar:2.3.8]
	at scala.Option.map(Option.scala:145) [scala-library-2.11.1.jar:na]
	at play.core.ReloadableApplication$$anonfun$get$1$$anonfun$apply$1.apply(ApplicationProvider.scala:130) [play_2.11-2.3.8.jar:2.3.8]
	at play.core.ReloadableApplication$$anonfun$get$1$$anonfun$apply$1.apply(ApplicationProvider.scala:128) [play_2.11-2.3.8.jar:2.3.8]
	at scala.util.Success.flatMap(Try.scala:230) [scala-library-2.11.1.jar:na]
	at play.core.ReloadableApplication$$anonfun$get$1.apply(ApplicationProvider.scala:128) [play_2.11-2.3.8.jar:2.3.8]
	at play.core.ReloadableApplication$$anonfun$get$1.apply(ApplicationProvider.scala:120) [play_2.11-2.3.8.jar:2.3.8]
	at scala.concurrent.impl.Future$PromiseCompletingRunnable.liftedTree1$1(Future.scala:24) [scala-library-2.11.1.jar:na]
	at scala.concurrent.impl.Future$PromiseCompletingRunnable.run(Future.scala:24) [scala-library-2.11.1.jar:na]
	at scala.concurrent.forkjoin.ForkJoinTask$AdaptedRunnableAction.exec(ForkJoinTask.java:1361) [scala-library-2.11.1.jar:na]
	at scala.concurrent.forkjoin.ForkJoinTask.doExec(ForkJoinTask.java:260) [scala-library-2.11.1.jar:na]
	at scala.concurrent.forkjoin.ForkJoinPool$WorkQueue.runTask(ForkJoinPool.java:1339) [scala-library-2.11.1.jar:na]
	at scala.concurrent.forkjoin.ForkJoinPool.runWorker(ForkJoinPool.java:1979) [scala-library-2.11.1.jar:na]
	at scala.concurrent.forkjoin.ForkJoinWorkerThread.run(ForkJoinWorkerThread.java:107) [scala-library-2.11.1.jar:na]

2015-05-27 16:42:21,010 - [INFO] - from play in play-internal-execution-context-1 
datasource [jdbc:h2:mem:play;DB_CLOSE_DELAY=-1] bound to JNDI as DefaultDS

2015-05-27 16:42:21,017 - [INFO] - from play in play-internal-execution-context-1 
database [default] connected at jdbc:h2:mem:play

2015-05-27 16:42:21,265 - [INFO] - from application in play-internal-execution-context-1 
Data from: data.json

2015-05-27 16:42:21,384 - [INFO] - from application in play-internal-execution-context-1 
5 categories from json file 'data.json' inserted.

2015-05-27 16:42:21,411 - [INFO] - from play in play-internal-execution-context-1 
Application started (Dev)

2015-05-27 16:42:21,433 - [INFO] - from application in play-akka.actor.default-dispatcher-57 
[patrick] Play the game.

2015-05-27 16:42:21,446 - [INFO] - from application in play-akka.actor.default-dispatcher-59 
Go to login page.

2015-05-27 16:42:23,259 - [INFO] - from application in play-akka.actor.default-dispatcher-57 
Go to Registration page.

2015-05-27 16:42:35,034 - [INFO] - from application in play-akka.actor.default-dispatcher-57 
Registration info has been submitted.

2015-05-27 16:42:35,055 - [INFO] - from application in play-akka.actor.default-dispatcher-57 
Go to login page.

2015-05-27 16:42:36,526 - [INFO] - from application in play-akka.actor.default-dispatcher-57 
Login information has been provided.

2015-05-27 16:42:36,549 - [INFO] - from application in play-akka.actor.default-dispatcher-57 
[patrick] Play the game.

2015-05-27 16:42:36,551 - [INFO] - from application in play-akka.actor.default-dispatcher-57 
[patrick] Creating a new game.

2015-05-27 16:42:36,566 - [INFO] - from application in play-akka.actor.default-dispatcher-57 
Start game with 5 categories.

2015-05-27 16:42:41,202 - [INFO] - from application in play-akka.actor.default-dispatcher-57 
[patrick] Questions selected.

2015-05-27 16:42:44,515 - [INFO] - from application in play-akka.actor.default-dispatcher-61 
[patrick] Answers submitted.

2015-05-27 16:42:46,792 - [INFO] - from application in play-akka.actor.default-dispatcher-64 
[patrick] Questions selected.

2015-05-27 16:42:48,616 - [INFO] - from application in play-akka.actor.default-dispatcher-64 
[patrick] Answers submitted.

2015-05-27 16:42:51,577 - [INFO] - from application in play-akka.actor.default-dispatcher-64 
[patrick] Questions selected.

2015-05-27 16:42:54,060 - [INFO] - from application in play-akka.actor.default-dispatcher-57 
[patrick] Answers submitted.

2015-05-27 16:42:56,513 - [INFO] - from application in play-akka.actor.default-dispatcher-60 
[patrick] Questions selected.

2015-05-27 16:42:58,079 - [INFO] - from application in play-akka.actor.default-dispatcher-66 
[patrick] Answers submitted.

2015-05-27 16:43:01,019 - [INFO] - from application in play-akka.actor.default-dispatcher-66 
[patrick] Questions selected.

2015-05-27 16:43:02,923 - [INFO] - from application in play-akka.actor.default-dispatcher-58 
[patrick] Answers submitted.

2015-05-27 16:43:02,935 - [INFO] - from application in play-akka.actor.default-dispatcher-58 
[patrick] Game over.

